2016-05-18 18:21:46 [scrapy] INFO: Scrapy 1.0.3 started (bot: passist)
2016-05-18 18:21:46 [scrapy] INFO: Optional features available: ssl, http11, boto
2016-05-18 18:21:46 [scrapy] INFO: Overridden settings: {'NEWSPIDER_MODULE': 'passist.spiders', 'SPIDER_MODULES': ['passist.spiders'], 'LOG_FILE': 'scrapy.log', 'BOT_NAME': 'passist'}
2016-05-18 18:21:46 [scrapy] INFO: Enabled extensions: CloseSpider, TelnetConsole, LogStats, CoreStats, SpiderState
2016-05-18 18:21:46 [scrapy] INFO: Enabled downloader middlewares: HttpAuthMiddleware, DownloadTimeoutMiddleware, UserAgentMiddleware, RetryMiddleware, DefaultHeadersMiddleware, MetaRefreshMiddleware, HttpCompressionMiddleware, RedirectMiddleware, CookiesMiddleware, ChunkedTransferMiddleware, DownloaderStats
2016-05-18 18:21:46 [scrapy] INFO: Enabled spider middlewares: HttpErrorMiddleware, OffsiteMiddleware, RefererMiddleware, UrlLengthMiddleware, DepthMiddleware
2016-05-18 18:21:46 [scrapy] INFO: Enabled item pipelines: MongoDBPipeline
2016-05-18 18:21:46 [scrapy] INFO: Spider opened
2016-05-18 18:21:46 [scrapy] INFO: Crawled 0 pages (at 0 pages/min), scraped 0 items (at 0 items/min)
2016-05-18 18:21:46 [scrapy] DEBUG: Telnet console listening on 127.0.0.1:6023
2016-05-18 18:21:47 [scrapy] DEBUG: Crawled (200) <GET http://www.thehindu.com/> (referer: None)
2016-05-18 18:21:47 [scrapy] DEBUG: Crawled (200) <GET http://www.thehindu.com/news/national/sabarmati-express-carnage-key-accused-held-by-gujarat-ats-after-14-years/article8616246.ece?homepage=true> (referer: http://www.thehindu.com/)
2016-05-18 18:21:47 [root] INFO: data added to MongoDB database!
2016-05-18 18:21:47 [scrapy] DEBUG: Scraped from <200 http://www.thehindu.com/news/national/sabarmati-express-carnage-key-accused-held-by-gujarat-ats-after-14-years/article8616246.ece?homepage=true>
{'content_text': u'\nA key accused in the Godhra train burning case of 2002, Farooq Bhana, who was on the run for more than 14 years, has been arrested by Gujarat Anti Terrorist Squad (ATS). Mr. Bhana is accused as one of the masterminds of the ghastly attack on Sabarmati Express in which 59 Hindu activists returning from Ayodhya charred to death when a train bogey was set on fire. ',
 'image_url': u'http://www.thehindu.com/multimedia/dynamic/02858/Sabarmati_2858196f.jpg',
 'site_url': 'http://www.thehindu.com/news/national/sabarmati-express-carnage-key-accused-held-by-gujarat-ats-after-14-years/article8616246.ece?homepage=true',
 'spider_name': 'thehindu',
 'title_text': u'Sabarmati Express carnage: Key accused held after 14 years',
 'updated_date': u' Updated: May 18, 2016 17:12 IST \r\n'}
2016-05-18 18:21:47 [scrapy] INFO: Closing spider (finished)
2016-05-18 18:21:47 [scrapy] INFO: Dumping Scrapy stats:
{'downloader/request_bytes': 582,
 'downloader/request_count': 2,
 'downloader/request_method_count/GET': 2,
 'downloader/response_bytes': 81212,
 'downloader/response_count': 2,
 'downloader/response_status_count/200': 2,
 'finish_reason': 'finished',
 'finish_time': datetime.datetime(2016, 5, 18, 12, 51, 47, 449667),
 'item_scraped_count': 1,
 'log_count/DEBUG': 4,
 'log_count/INFO': 8,
 'request_depth_max': 1,
 'response_received_count': 2,
 'scheduler/dequeued': 2,
 'scheduler/dequeued/memory': 2,
 'scheduler/enqueued': 2,
 'scheduler/enqueued/memory': 2,
 'start_time': datetime.datetime(2016, 5, 18, 12, 51, 46, 764679)}
2016-05-18 18:21:47 [scrapy] INFO: Spider closed (finished)
